<?xml version="1.0" encoding="UTF-8"?>
<testng-results total="2" passed="2" failed="0" skipped="0">
  <reporter-output>
  </reporter-output>
  <suite started-at="2023-09-30T16:25:24Z" name="Default suite" finished-at="2023-09-30T16:25:39Z" duration-ms="15201">
    <groups>
    </groups>
    <test started-at="2023-09-30T16:25:24Z" name="Default test" finished-at="2023-09-30T16:25:39Z" duration-ms="15201">
      <class name="org.example.TestBrowser">
        <test-method is-config="true" signature="setUp()[pri:0, instance:org.example.TestBrowser@30c93896]" started-at="2023-09-30T21:55:24Z" name="setUp" finished-at="2023-09-30T21:55:35Z" duration-ms="10599" status="PASS">
          <reporter-output>
          </reporter-output>
        </test-method> <!-- setUp -->
        <test-method signature="printTitle()[pri:0, instance:org.example.TestBrowser@30c93896]" started-at="2023-09-30T21:55:35Z" name="printTitle" finished-at="2023-09-30T21:55:35Z" duration-ms="19" status="PASS">
          <reporter-output>
          </reporter-output>
        </test-method> <!-- printTitle -->
        <test-method is-config="true" signature="setUp()[pri:0, instance:org.example.TestBrowser@30c93896]" started-at="2023-09-30T21:55:35Z" name="setUp" finished-at="2023-09-30T21:55:39Z" duration-ms="4170" status="PASS">
          <reporter-output>
          </reporter-output>
        </test-method> <!-- setUp -->
        <test-method is-config="true" signature="tearDown()[pri:0, instance:org.example.TestBrowser@30c93896]" started-at="2023-09-30T21:55:35Z" name="tearDown" finished-at="2023-09-30T21:55:35Z" duration-ms="0" status="PASS">
          <reporter-output>
          </reporter-output>
        </test-method> <!-- tearDown -->
        <test-method signature="dubleClick()[pri:0, instance:org.example.TestBrowser@30c93896]" started-at="2023-09-30T21:55:39Z" name="dubleClick" finished-at="2023-09-30T21:55:39Z" duration-ms="391" status="PASS">
          <reporter-output>
          </reporter-output>
        </test-method> <!-- dubleClick -->
        <test-method is-config="true" signature="tearDown()[pri:0, instance:org.example.TestBrowser@30c93896]" started-at="2023-09-30T21:55:39Z" name="tearDown" finished-at="2023-09-30T21:55:39Z" duration-ms="1" status="PASS">
          <reporter-output>
          </reporter-output>
        </test-method> <!-- tearDown -->
      </class> <!-- org.example.TestBrowser -->
    </test> <!-- Default test -->
  </suite> <!-- Default suite -->
</testng-results>
